<?xml version="1.0" encoding="UTF-8"?>
<!-- Generated by org.testng.reporters.JUnitReportReporter -->
<testsuite hostname="SOURABH" failures="0" tests="2" name="com.MyHMS.Testclasses.TC00" time="5.413" errors="0" timestamp="2023-02-06T18:43:40 IST" skipped="0">
  <testcase classname="com.MyHMS.Testclasses.TC00" name="verifypagetitle" time="0.020"/>
  <system-out/>
  <testcase classname="com.MyHMS.Testclasses.TC00" name="clickonHMS" time="5.393"/>
  <system-out/>
</testsuite> <!-- com.MyHMS.Testclasses.TC00 -->
