<?xml version="1.0" encoding="UTF-8"?>
<!-- Generated by org.testng.reporters.JUnitReportReporter -->
<testsuite hostname="SOURABH" failures="0" tests="2" name="com.MyHMS.Testclasses.TC01Clickonhomepage" time="44.658" errors="0" timestamp="2023-02-06T19:46:37 IST" skipped="0">
  <testcase classname="com.MyHMS.Testclasses.TC01Clickonhomepage" name="verifyLoginByURL" time="0.021"/>
  <system-out/>
  <testcase classname="com.MyHMS.Testclasses.TC01Clickonhomepage" name="Login" time="44.637"/>
  <system-out/>
</testsuite> <!-- com.MyHMS.Testclasses.TC01Clickonhomepage -->
