<?xml version="1.0" encoding="UTF-8"?>
<!-- Generated by org.testng.reporters.JUnitReportReporter -->
<testsuite hostname="SOURABH" failures="0" tests="3" name="com.MyHMS.Testclasses.TC02AdminPage2DDT" time="12.139" errors="0" timestamp="2023-02-09T19:46:44 IST" skipped="0">
  <testcase classname="com.MyHMS.Testclasses.TC02AdminPage2DDT" name="clickonregis" time="3.094"/>
  <system-out/>
  <testcase classname="com.MyHMS.Testclasses.TC02AdminPage2DDT" name="clickonregis" time="7.856"/>
  <system-out/>
  <testcase classname="com.MyHMS.Testclasses.TC02AdminPage2DDT" name="AclickHMS" time="1.189"/>
  <system-out/>
</testsuite> <!-- com.MyHMS.Testclasses.TC02AdminPage2DDT -->
