<?xml version="1.0" encoding="UTF-8"?>
<!-- Generated by org.testng.reporters.JUnitReportReporter -->
<testsuite hostname="SOURABH" failures="0" tests="2" name="com.MyHMS.Testclasses.TC02AdminPage" time="21.659" errors="0" timestamp="2023-02-07T19:10:38 IST" skipped="0">
  <testcase classname="com.MyHMS.Testclasses.TC02AdminPage" name="clickonregis" time="21.630"/>
  <system-out/>
  <testcase classname="com.MyHMS.Testclasses.TC02AdminPage" name="verifyLoginByURL" time="0.029"/>
  <system-out/>
</testsuite> <!-- com.MyHMS.Testclasses.TC02AdminPage -->
