<?xml version="1.0" encoding="UTF-8"?>
<!-- Generated by org.testng.reporters.JUnitReportReporter -->
<testsuite hostname="SOURABH" failures="0" tests="2" name="com.MyHMS.Testclasses.TC00" time="0.530" errors="0" timestamp="2023-02-15T23:15:59 IST" skipped="0">
  <testcase classname="com.MyHMS.Testclasses.TC00" name="verifypagetitle" time="0.014"/>
  <system-out/>
  <testcase classname="com.MyHMS.Testclasses.TC00" name="clickonHMS" time="0.516"/>
  <system-out/>
</testsuite> <!-- com.MyHMS.Testclasses.TC00 -->
