<?xml version="1.0" encoding="UTF-8"?>
<!-- Generated by org.testng.reporters.JUnitReportReporter -->
<testsuite hostname="SOURABH" failures="0" tests="2" name="com.MyHMS.Testclasses.TC00" time="6.916" errors="0" timestamp="2023-02-06T19:36:51 IST" skipped="0">
  <testcase classname="com.MyHMS.Testclasses.TC00" name="clickonHMS" time="6.897"/>
  <system-out/>
  <testcase classname="com.MyHMS.Testclasses.TC00" name="verifypagetitle" time="0.019"/>
  <system-out/>
</testsuite> <!-- com.MyHMS.Testclasses.TC00 -->
