<?xml version="1.0" encoding="UTF-8"?>
<!-- Generated by org.testng.reporters.JUnitReportReporter -->
<testsuite hostname="SOURABH" failures="0" tests="1" name="com.MyHMS.Testclasses.TC01Clickonhomepage" time="18.250" errors="0" timestamp="2023-01-02T19:41:11 IST" skipped="0">
  <testcase classname="com.MyHMS.Testclasses.TC01Clickonhomepage" name="clickonhome" time="18.250"/>
  <system-out/>
</testsuite> <!-- com.MyHMS.Testclasses.TC01Clickonhomepage -->
