<?xml version="1.0" encoding="UTF-8"?>
<!-- Generated by org.testng.reporters.JUnitReportReporter -->
<testsuite hostname="SOURABH" failures="0" tests="2" name="com.MyHMS.Testclasses.TC01Clickonhomepage" time="12.970" errors="0" timestamp="2023-01-04T18:19:33 IST" skipped="0">
  <testcase classname="com.MyHMS.Testclasses.TC01Clickonhomepage" name="verifyLoginByURL" time="1.339"/>
  <system-out/>
  <testcase classname="com.MyHMS.Testclasses.TC01Clickonhomepage" name="clickonhome" time="11.631"/>
  <system-out/>
</testsuite> <!-- com.MyHMS.Testclasses.TC01Clickonhomepage -->
