<?xml version="1.0" encoding="UTF-8"?>
<!-- Generated by org.testng.reporters.JUnitReportReporter -->
<testsuite hostname="SOURABH" failures="0" tests="2" name="com.MyHMS.Testclasses.TC01Clickonhomepage" time="4.776" errors="0" timestamp="2023-02-01T11:21:03 IST" skipped="0">
  <testcase classname="com.MyHMS.Testclasses.TC01Clickonhomepage" name="clickonhome" time="4.752"/>
  <system-out/>
  <testcase classname="com.MyHMS.Testclasses.TC01Clickonhomepage" name="verifyLoginByURL" time="0.024"/>
  <system-out/>
</testsuite> <!-- com.MyHMS.Testclasses.TC01Clickonhomepage -->
