<?xml version="1.0" encoding="UTF-8"?>
<!-- Generated by org.testng.reporters.JUnitReportReporter -->
<testsuite hostname="SOURABH" failures="0" tests="3" name="com.MyHMS.Testclasses.TC02AdminPage2DDT" time="8.033" errors="0" timestamp="2023-02-09T21:56:08 IST" skipped="0">
  <testcase classname="com.MyHMS.Testclasses.TC02AdminPage2DDT" name="clickonregis" time="2.349"/>
  <system-out/>
  <testcase classname="com.MyHMS.Testclasses.TC02AdminPage2DDT" name="clickonregis" time="4.801"/>
  <system-out/>
  <testcase classname="com.MyHMS.Testclasses.TC02AdminPage2DDT" name="AclickHMS" time="0.883"/>
  <system-out/>
</testsuite> <!-- com.MyHMS.Testclasses.TC02AdminPage2DDT -->
