<?xml version="1.0" encoding="UTF-8"?>
<!-- Generated by org.testng.reporters.JUnitReportReporter -->
<testsuite hostname="SOURABH" failures="0" tests="3" name="com.MyHMS.Testclasses.TC02AdminPage2DDT" time="4.943" errors="0" timestamp="2023-02-28T18:16:20 IST" skipped="0">
  <testcase classname="com.MyHMS.Testclasses.TC02AdminPage2DDT" name="clickonregis" time="3.331"/>
  <system-out/>
  <testcase classname="com.MyHMS.Testclasses.TC02AdminPage2DDT" name="clickonregis" time="1.233"/>
  <system-out/>
  <testcase classname="com.MyHMS.Testclasses.TC02AdminPage2DDT" name="AclickHMS" time="0.379"/>
  <system-out/>
</testsuite> <!-- com.MyHMS.Testclasses.TC02AdminPage2DDT -->
